<?xml version="1.0" encoding="UTF-8"?>
<!-- Generated by org.testng.reporters.JUnitXMLReporter -->
<testsuite ignored="0" hostname="TBIN-WLT-082213" failures="0" tests="2" name="Default test" time="187.136" errors="0" timestamp="2023-04-18T18:00:57 IST">
  <testcase classname="com.AppiumFrameworkDesign.ecommerce_tc_4_Hybrid" name="CheckouttoHybrid" time="78.142"/>
  <testcase classname="com.AppiumFrameworkDesign.ecommerce_tc_4_Hybrid" name="CheckouttoHybrid" time="62.186"/>
</testsuite> <!-- Default test -->
