<?xml version="1.0" encoding="UTF-8"?>
<!-- Generated by org.testng.reporters.JUnitXMLReporter -->
<testsuite ignored="0" hostname="TBIN-WLT-082213" failures="0" tests="2" name="Test1" time="148.527" errors="0" timestamp="2023-04-21T16:43:37 IST">
  <testcase classname="com.AppiumFrameworkDesign.ecommerce_tc_4_Hybrid" name="CheckouttoHybrid" time="76.202"/>
  <testcase classname="com.AppiumFrameworkDesign.ecommerce_tc_4_Hybrid" name="CheckouttoHybrid" time="42.932"/>
</testsuite> <!-- Test1 -->
